[2026-04-09 16:25:15] === DifyPublisher 守护进程启动 ===
[2026-04-09 16:25:15] 目标脚本: C:\Users\arashiduan\daily-site\dify_publisher.py
[2026-04-09 16:25:15] Python: C:\Users\arashiduan\AppData\Local\Microsoft\WindowsApps\PythonSoftwareFoundation.Python.3.12_qbz5n2kfra8p0\pythonw.exe
[2026-04-09 16:25:15] 启动 dify_publisher.py ...
[2026-04-09 16:26:02] dify_publisher.py 退出，返回码: 1
[2026-04-09 16:26:02] 等待 5 秒后重启...
[2026-04-09 16:26:07] 启动 dify_publisher.py ...
[2026-04-09 16:42:36] === DifyPublisher 守护进程启动 ===
[2026-04-09 16:42:36] 目标脚本: C:\Users\arashiduan\daily-site\dify_publisher.py
[2026-04-09 16:42:36] Python: C:\Users\arashiduan\AppData\Local\Microsoft\WindowsApps\PythonSoftwareFoundation.Python.3.12_qbz5n2kfra8p0\pythonw.exe
[2026-04-09 16:42:36] 启动 dify_publisher.py ...
[2026-04-10 10:32:54] === DifyPublisher 守护进程启动 ===
[2026-04-10 10:32:54] 目标脚本: C:\Users\arashiduan\daily-site\dify_publisher.py
[2026-04-10 10:32:54] Python: C:\Users\arashiduan\AppData\Local\Microsoft\WindowsApps\PythonSoftwareFoundation.Python.3.12_qbz5n2kfra8p0\pythonw.exe
[2026-04-10 10:32:54] 启动 dify_publisher.py ...
[2026-04-10 11:22:14] === DifyPublisher 守护进程启动 ===
[2026-04-10 11:22:14] 目标脚本: C:\Users\arashiduan\daily-site\dify_publisher.py
[2026-04-10 11:22:14] Python: C:\Users\arashiduan\AppData\Local\Microsoft\WindowsApps\PythonSoftwareFoundation.Python.3.12_qbz5n2kfra8p0\pythonw.exe
[2026-04-10 11:22:14] 启动 dify_publisher.py ...
[2026-04-10 17:25:38] === DifyPublisher 守护进程启动 ===
[2026-04-10 17:25:38] 目标脚本: C:\Users\arashiduan\daily-site\dify_publisher.py
[2026-04-10 17:25:38] Python: C:\Users\arashiduan\AppData\Local\Microsoft\WindowsApps\PythonSoftwareFoundation.Python.3.12_qbz5n2kfra8p0\pythonw.exe
[2026-04-10 17:25:38] 启动 dify_publisher.py ...
[2026-04-10 23:33:08] === DifyPublisher 守护进程启动 ===
[2026-04-10 23:33:08] 目标脚本: C:\Users\arashiduan\daily-site\dify_publisher.py
[2026-04-10 23:33:08] Python: C:\Users\arashiduan\AppData\Local\Microsoft\WindowsApps\PythonSoftwareFoundation.Python.3.12_qbz5n2kfra8p0\pythonw.exe
[2026-04-10 23:33:08] 启动 dify_publisher.py ...
[2026-04-13 10:19:49] === DifyPublisher 守护进程启动 ===
[2026-04-13 10:19:49] 目标脚本: C:\Users\arashiduan\daily-site\dify_publisher.py
[2026-04-13 10:19:49] Python: C:\Users\arashiduan\AppData\Local\Microsoft\WindowsApps\PythonSoftwareFoundation.Python.3.12_qbz5n2kfra8p0\pythonw.exe
[2026-04-13 10:19:49] 启动 dify_publisher.py ...
[2026-04-20 13:29:54] === DifyPublisher 守护进程启动 ===
[2026-04-20 13:29:54] 目标脚本: C:\Users\arashiduan\daily-site\dify_publisher.py
[2026-04-20 13:29:54] Python: C:\Users\arashiduan\AppData\Local\Microsoft\WindowsApps\PythonSoftwareFoundation.Python.3.12_qbz5n2kfra8p0\pythonw.exe
[2026-04-20 13:29:54] 启动 dify_publisher.py ...
[2026-04-20 16:28:58] === DifyPublisher 守护进程启动 ===
[2026-04-20 16:28:58] 目标脚本: C:\Users\arashiduan\daily-site\dify_publisher.py
[2026-04-20 16:28:58] Python: C:\Users\arashiduan\AppData\Local\Microsoft\WindowsApps\PythonSoftwareFoundation.Python.3.12_qbz5n2kfra8p0\pythonw.exe
[2026-04-20 16:28:58] 启动 dify_publisher.py ...
[2026-04-20 17:27:41] === DifyPublisher 守护进程启动 ===
[2026-04-20 17:27:41] 目标脚本: C:\Users\arashiduan\daily-site\dify_publisher.py
[2026-04-20 17:27:41] Python: C:\Users\arashiduan\AppData\Local\Microsoft\WindowsApps\PythonSoftwareFoundation.Python.3.12_qbz5n2kfra8p0\pythonw.exe
[2026-04-20 17:27:41] 启动 dify_publisher.py ...
[2026-04-20 19:15:01] === DifyPublisher 守护进程启动 ===
[2026-04-20 19:15:01] 目标脚本: C:\Users\arashiduan\daily-site\dify_publisher.py
[2026-04-20 19:15:01] Python: C:\Users\arashiduan\AppData\Local\Microsoft\WindowsApps\PythonSoftwareFoundation.Python.3.12_qbz5n2kfra8p0\pythonw.exe
[2026-04-20 19:15:01] 启动 dify_publisher.py ...
[2026-04-20 19:16:26] === DifyPublisher 守护进程启动 ===
[2026-04-20 19:16:26] 目标脚本: C:\Users\arashiduan\daily-site\dify_publisher.py
[2026-04-20 19:16:26] Python: C:\Users\arashiduan\AppData\Local\Microsoft\WindowsApps\PythonSoftwareFoundation.Python.3.12_qbz5n2kfra8p0\pythonw.exe
[2026-04-20 19:16:26] 启动 dify_publisher.py ...
