[周五 2026/04/10 11:42:47.50] ========== Script Start ========== 
[周五 2026/04/10 11:42:53.16] Docker Desktop not running, starting... 
[周五 2026/04/10 11:42:53.21] Waiting for Docker Engine... 
[周五 2026/04/10 11:43:11.93] Docker Engine ready. Waiting 15s for Linux Engine pipe... 
[周五 2026/04/10 11:43:27.24] Starting Dify containers... 
[周五 2026/04/10 11:44:06.93] Dify containers started. 
[周五 2026/04/10 11:44:06.94] Starting n8n containers... 
[周五 2026/04/10 11:44:08.02] n8n containers started. 
[周五 2026/04/10 11:44:08.02] Starting RSSHub... 
[周五 2026/04/10 11:44:08.13] ========== All Done ========== 
[周六 2026/04/11  9:30:01.94] ========== Script Start ========== 
[周六 2026/04/11  9:30:02.35] Docker Desktop not running, starting... 
[周六 2026/04/11  9:30:02.40] Waiting for Docker Engine... 
[周六 2026/04/11  9:30:21.31] Docker Engine ready. Waiting 15s for Linux Engine pipe... 
[周六 2026/04/11  9:30:36.77] Starting Dify containers... 
[周六 2026/04/11  9:30:39.09] Dify containers started. 
[周六 2026/04/11  9:30:39.10] Starting n8n containers... 
[周六 2026/04/11  9:30:40.23] n8n containers started. 
[周六 2026/04/11  9:30:40.24] Starting RSSHub... 
[周六 2026/04/11  9:30:40.37] ========== All Done ========== 
[周日 2026/04/12  9:30:02.17] ========== Script Start ========== 
[周日 2026/04/12  9:30:02.63] Docker Desktop already running. 
[周日 2026/04/12  9:30:02.63] Waiting for Docker Engine... 
[周日 2026/04/12  9:30:04.65] Docker Engine ready. Waiting 15s for Linux Engine pipe... 
[周日 2026/04/12  9:30:19.88] Starting Dify containers... 
[周日 2026/04/12  9:30:21.19] Dify containers started. 
[周日 2026/04/12  9:30:21.20] Starting n8n containers... 
[周日 2026/04/12  9:30:21.57] n8n containers started. 
[周日 2026/04/12  9:30:21.57] Starting RSSHub... 
[周日 2026/04/12  9:30:21.65] ========== All Done ========== 
[周二 2026/04/14  9:30:02.11] ========== Script Start ========== 
[周二 2026/04/14  9:30:03.86] WARN: n8n failed, retry in 10s... 
[周二 2026/04/14  9:30:14.43] ERROR: n8n containers failed after retry 
[周二 2026/04/14  9:30:14.43] Starting RSSHub... 
[周二 2026/04/14  9:30:14.60] ========== All Done ========== 
[周二 2026/04/14  9:30:14.65] Waiting for Docker Engine... 
[周二 2026/04/14  9:31:00.48] Docker Engine ready. Waiting 15s for Linux Engine pipe... 
[周二 2026/04/14  9:31:15.74] Starting Dify containers... 
[周二 2026/04/14  9:32:04.14] WARN: Dify failed, retry in 15s... 
[周二 2026/04/14  9:32:21.09] ERROR: Dify containers failed after retry 
[周二 2026/04/14  9:32:21.09] Starting n8n containers... 
[周二 2026/04/14  9:32:21.71] n8n containers started. 
[周二 2026/04/14  9:32:21.74] Starting RSSHub... 
[周二 2026/04/14  9:32:22.66] ========== All Done ========== 
[周三 2026/04/15  9:30:02.31] ========== Script Start ========== 
[周三 2026/04/15  9:30:04.08] WARN: n8n failed, retry in 10s... 
[周三 2026/04/15  9:30:14.62] ERROR: n8n containers failed after retry 
[周三 2026/04/15  9:30:14.63] Starting RSSHub... 
[周三 2026/04/15  9:30:14.80] ========== All Done ========== 
[周三 2026/04/15  9:30:14.86] Waiting for Docker Engine... 
[周三 2026/04/15  9:31:01.08] Docker Engine ready. Waiting 15s for Linux Engine pipe... 
[周三 2026/04/15  9:31:16.90] Starting Dify containers... 
[周三 2026/04/15  9:31:55.47] WARN: Dify failed, retry in 15s... 
[周三 2026/04/15  9:32:15.44] ERROR: Dify containers failed after retry 
[周三 2026/04/15  9:32:15.44] Starting n8n containers... 
[周三 2026/04/15  9:32:16.81] n8n containers started. 
[周三 2026/04/15  9:32:16.81] Starting RSSHub... 
[周三 2026/04/15  9:32:17.70] ========== All Done ========== 
[周四 2026/04/16  9:30:02.33] ========== Script Start ========== 
[周四 2026/04/16  9:30:04.13] WARN: n8n failed, retry in 10s... 
[周四 2026/04/16  9:30:14.69] ERROR: n8n containers failed after retry 
[周四 2026/04/16  9:30:14.69] Starting RSSHub... 
[周四 2026/04/16  9:30:14.86] ========== All Done ========== 
[周四 2026/04/16  9:30:14.91] Waiting for Docker Engine... 
[周四 2026/04/16  9:30:58.95] Docker Engine ready. Waiting 15s for Linux Engine pipe... 
[周四 2026/04/16  9:31:14.78] Starting Dify containers... 
[周四 2026/04/16  9:32:04.46] WARN: Dify failed, retry in 15s... 
[周四 2026/04/16  9:32:25.11] ERROR: Dify containers failed after retry 
[周四 2026/04/16  9:32:25.12] Starting n8n containers... 
[周四 2026/04/16  9:32:27.61] n8n containers started. 
[周四 2026/04/16  9:32:27.61] Starting RSSHub... 
[周四 2026/04/16  9:32:30.05] ========== All Done ========== 
[周五 2026/04/17  9:30:02.48] ========== Script Start ========== 
[周五 2026/04/17  9:30:04.49] WARN: n8n failed, retry in 10s... 
[周五 2026/04/17  9:30:15.03] ERROR: n8n containers failed after retry 
[周五 2026/04/17  9:30:15.03] Starting RSSHub... 
[周五 2026/04/17  9:30:15.21] ========== All Done ========== 
[周五 2026/04/17  9:30:15.26] Waiting for Docker Engine... 
[周五 2026/04/17  9:31:07.54] Docker Engine ready. Waiting 15s for Linux Engine pipe... 
[周五 2026/04/17  9:31:22.86] Starting Dify containers... 
[周五 2026/04/17  9:32:26.82] WARN: Dify failed, retry in 15s... 
[周五 2026/04/17  9:32:48.69] ERROR: Dify containers failed after retry 
[周五 2026/04/17  9:32:48.70] Starting n8n containers... 
[周五 2026/04/17  9:32:51.87] n8n containers started. 
[周五 2026/04/17  9:32:51.87] Starting RSSHub... 
[周五 2026/04/17  9:32:53.04] ========== All Done ========== 
[周六 2026/04/18  9:30:02.67] ========== Script Start ========== 
[周六 2026/04/18  9:30:04.48] WARN: n8n failed, retry in 10s... 
[周六 2026/04/18  9:30:15.02] ERROR: n8n containers failed after retry 
[周六 2026/04/18  9:30:15.02] Starting RSSHub... 
[周六 2026/04/18  9:30:15.20] ========== All Done ========== 
[周六 2026/04/18  9:30:15.24] Waiting for Docker Engine... 
[周六 2026/04/18  9:31:00.69] Docker Engine ready. Waiting 15s for Linux Engine pipe... 
[周六 2026/04/18  9:31:16.26] Starting Dify containers... 
[周六 2026/04/18  9:32:03.77] WARN: Dify failed, retry in 15s... 
[周六 2026/04/18  9:32:24.39] ERROR: Dify containers failed after retry 
[周六 2026/04/18  9:32:24.39] Starting n8n containers... 
[周六 2026/04/18  9:32:27.59] n8n containers started. 
[周六 2026/04/18  9:32:27.59] Starting RSSHub... 
[周六 2026/04/18  9:32:29.99] ========== All Done ========== 
[周日 2026/04/19  9:30:05.33] ========== Script Start ========== 
[周日 2026/04/19  9:30:09.11] n8n containers started. 
[周日 2026/04/19  9:30:09.11] Starting RSSHub... 
[周日 2026/04/19  9:30:09.82] ========== All Done ========== 
[周日 2026/04/19  9:30:09.82] Waiting for Docker Engine... 
[周日 2026/04/19  9:30:11.29] Docker Engine ready. Waiting 15s for Linux Engine pipe... 
[周日 2026/04/19  9:30:26.53] Starting Dify containers... 
[周日 2026/04/19  9:30:28.41] Dify containers started. 
[周日 2026/04/19  9:30:28.41] Starting n8n containers... 
[周日 2026/04/19  9:30:28.79] n8n containers started. 
[周日 2026/04/19  9:30:28.80] Starting RSSHub... 
[周日 2026/04/19  9:30:28.90] ========== All Done ========== 
[周一 2026/04/20  9:30:04.91] ========== Script Start ========== 
[周一 2026/04/20  9:30:07.58] n8n containers started. 
[周一 2026/04/20  9:30:07.58] Starting RSSHub... 
[周一 2026/04/20  9:30:07.76] ========== All Done ========== 
[周一 2026/04/20  9:30:07.77] Waiting for Docker Engine... 
[周一 2026/04/20  9:30:10.69] Docker Engine ready. Waiting 15s for Linux Engine pipe... 
[周一 2026/04/20  9:30:25.91] Starting Dify containers... 
[周一 2026/04/20  9:30:29.70] Dify containers started. 
[周一 2026/04/20  9:30:29.70] Starting n8n containers... 
[周一 2026/04/20  9:30:30.36] n8n containers started. 
[周一 2026/04/20  9:30:30.36] Starting RSSHub... 
[周一 2026/04/20  9:30:30.57] ========== All Done ========== 
